<?xml version="1.0" encoding="UTF-8"?>
<!-- Generated by org.testng.reporters.JUnitXMLReporter -->
<testsuite ignored="0" hostname="AmeerPC" failures="1" tests="2" name="Book Room Test_chrome" time="6.26" errors="0" timestamp="2025-01-26T19:52:09 GMT">
  <testcase classname="com.companieshouseAssig.tests.BookRoomTest" name="sendbookDetails" time="3.874">
    <failure type="com.microsoft.playwright.PlaywrightException" message="Error {
  message=&amp;apos;Error: strict mode violation: locator(&amp;quot;//button[normalize-space()=&amp;apos;02&amp;apos;][1]&amp;quot;) resolved to 2 elements:
    1) &amp;lt;button role=&amp;quot;cell&amp;quot; type=&amp;quot;button&amp;quot; class=&amp;quot;rbc-button-link&amp;quot;&amp;gt;02&amp;lt;/button&amp;gt; aka getByRole(AriaRole.CELL, new Page.GetByRoleOptions().setName(&amp;quot;02&amp;quot;)).nth(1)
    2) &amp;lt;button role=&amp;quot;cell&amp;quot; type=&amp;quot;button&amp;quot; class=&amp;quot;rbc-button-link&amp;quot;&amp;gt;02&amp;lt;/button&amp;gt; aka getByRole(AriaRole.CELL, new Page.GetByRoleOptions().setName(&amp;quot;02&amp;quot;)).nth(3)

  name=&amp;apos;Error
  stack=&amp;apos;Error: Error: strict mode violation: locator(&amp;quot;//button[normalize-space()=&amp;apos;02&amp;apos;][1]&amp;quot;) resolved to 2 elements:
    1) &amp;lt;button role=&amp;quot;cell&amp;quot; type=&amp;quot;button&amp;quot; class=&amp;quot;rbc-button-link&amp;quot;&amp;gt;02&amp;lt;/button&amp;gt; aka getByRole(AriaRole.CELL, new Page.GetByRoleOptions().setName(&amp;quot;02&amp;quot;)).nth(1)
    2) &amp;lt;button role=&amp;quot;cell&amp;quot; type=&amp;quot;button&amp;quot; class=&amp;quot;rbc-button-link&amp;quot;&amp;gt;02&amp;lt;/button&amp;gt; aka getByRole(AriaRole.CELL, new Page.GetByRoleOptions().setName(&amp;quot;02&amp;quot;)).nth(3)

    at WKExecutionContext.evaluateWithArguments (C:\Users\aamir\AppData\Local\Temp\playwright-java-1913148995517214611\package\lib\server\webkit\wkExecutionContext.js:78:37)
    at async LongStandingScope._race (C:\Users\aamir\AppData\Local\Temp\playwright-java-1913148995517214611\package\lib\utils\manualPromise.js:96:14)
    at async evaluateExpression (C:\Users\aamir\AppData\Local\Temp\playwright-java-1913148995517214611\package\lib\server\javascript.js:229:12)
    at async C:\Users\aamir\AppData\Local\Temp\playwright-java-1913148995517214611\package\lib\server\frames.js:646:22
    at async Frame.retryWithProgressAndTimeouts (C:\Users\aamir\AppData\Local\Temp\playwright-java-1913148995517214611\package\lib\server\frames.js:935:24)
    at async C:\Users\aamir\AppData\Local\Temp\playwright-java-1913148995517214611\package\lib\server\frames.js:631:14
    at async ProgressController.run (C:\Users\aamir\AppData\Local\Temp\playwright-java-1913148995517214611\package\lib\server\progress.js:79:22)
    at async FrameDispatcher.waitForSelector (C:\Users\aamir\AppData\Local\Temp\playwright-java-1913148995517214611\package\lib\server\dispatchers\frameDispatcher.js:106:85)
    at async LongStandingScope._race (C:\Users\aamir\AppData\Local\Temp\playwright-java-1913148995517214611\package\lib\utils\manualPromise.js:96:14)
    at async FrameDispatcher._handleCommand (C:\Users\aamir\AppData\Local\Temp\playwright-java-1913148995517214611\package\lib\server\dispatchers\dispatcher.js:96:14)
}
Call log:
-   - waiting for locator(&amp;quot;//button[normalize-space()=&amp;apos;02&amp;apos;][1]&amp;quot;)
">
      <![CDATA[com.microsoft.playwright.PlaywrightException: Error {
  message='Error: strict mode violation: locator("//button[normalize-space()='02'][1]") resolved to 2 elements:
    1) <button role="cell" type="button" class="rbc-button-link">02</button> aka getByRole(AriaRole.CELL, new Page.GetByRoleOptions().setName("02")).nth(1)
    2) <button role="cell" type="button" class="rbc-button-link">02</button> aka getByRole(AriaRole.CELL, new Page.GetByRoleOptions().setName("02")).nth(3)

  name='Error
  stack='Error: Error: strict mode violation: locator("//button[normalize-space()='02'][1]") resolved to 2 elements:
    1) <button role="cell" type="button" class="rbc-button-link">02</button> aka getByRole(AriaRole.CELL, new Page.GetByRoleOptions().setName("02")).nth(1)
    2) <button role="cell" type="button" class="rbc-button-link">02</button> aka getByRole(AriaRole.CELL, new Page.GetByRoleOptions().setName("02")).nth(3)

    at WKExecutionContext.evaluateWithArguments (C:\Users\aamir\AppData\Local\Temp\playwright-java-1913148995517214611\package\lib\server\webkit\wkExecutionContext.js:78:37)
    at async LongStandingScope._race (C:\Users\aamir\AppData\Local\Temp\playwright-java-1913148995517214611\package\lib\utils\manualPromise.js:96:14)
    at async evaluateExpression (C:\Users\aamir\AppData\Local\Temp\playwright-java-1913148995517214611\package\lib\server\javascript.js:229:12)
    at async C:\Users\aamir\AppData\Local\Temp\playwright-java-1913148995517214611\package\lib\server\frames.js:646:22
    at async Frame.retryWithProgressAndTimeouts (C:\Users\aamir\AppData\Local\Temp\playwright-java-1913148995517214611\package\lib\server\frames.js:935:24)
    at async C:\Users\aamir\AppData\Local\Temp\playwright-java-1913148995517214611\package\lib\server\frames.js:631:14
    at async ProgressController.run (C:\Users\aamir\AppData\Local\Temp\playwright-java-1913148995517214611\package\lib\server\progress.js:79:22)
    at async FrameDispatcher.waitForSelector (C:\Users\aamir\AppData\Local\Temp\playwright-java-1913148995517214611\package\lib\server\dispatchers\frameDispatcher.js:106:85)
    at async LongStandingScope._race (C:\Users\aamir\AppData\Local\Temp\playwright-java-1913148995517214611\package\lib\utils\manualPromise.js:96:14)
    at async FrameDispatcher._handleCommand (C:\Users\aamir\AppData\Local\Temp\playwright-java-1913148995517214611\package\lib\server\dispatchers\dispatcher.js:96:14)
}
Call log:
-   - waiting for locator("//button[normalize-space()='02'][1]")

at com.microsoft.playwright.impl.WaitableResult.get(WaitableResult.java:56)
at com.microsoft.playwright.impl.ChannelOwner.runUntil(ChannelOwner.java:132)
at com.microsoft.playwright.impl.Connection.sendMessage(Connection.java:130)
at com.microsoft.playwright.impl.ChannelOwner.sendMessage(ChannelOwner.java:118)
at com.microsoft.playwright.impl.FrameImpl.waitForSelectorImpl(FrameImpl.java:1060)
at com.microsoft.playwright.impl.FrameImpl.waitForSelectorImpl(FrameImpl.java:1050)
at com.microsoft.playwright.impl.FrameImpl.lambda$waitForSelector$46(FrameImpl.java:1046)
at com.microsoft.playwright.impl.LoggingSupport.withLogging(LoggingSupport.java:47)
at com.microsoft.playwright.impl.ChannelOwner.withLogging(ChannelOwner.java:97)
at com.microsoft.playwright.impl.FrameImpl.waitForSelector(FrameImpl.java:1046)
at com.microsoft.playwright.impl.LocatorImpl.elementHandle(LocatorImpl.java:217)
at com.microsoft.playwright.impl.LocatorImpl.withElement(LocatorImpl.java:84)
at com.microsoft.playwright.impl.LocatorImpl.boundingBox(LocatorImpl.java:154)
at com.microsoft.playwright.Locator.boundingBox(Locator.java:2324)
at com.companieshouseAssig.pageObject.BookRoom.bookingRoom(BookRoom.java:49)
at com.companieshouseAssig.tests.BookRoomTest.sendbookDetails(BookRoomTest.java:14)
at java.base/jdk.internal.reflect.DirectMethodHandleAccessor.invoke(DirectMethodHandleAccessor.java:103)
at java.base/java.lang.reflect.Method.invoke(Method.java:580)
at org.testng.internal.MethodInvocationHelper.invokeMethod(MethodInvocationHelper.java:133)
at org.testng.internal.TestInvoker.invokeMethod(TestInvoker.java:598)
at org.testng.internal.TestInvoker.invokeTestMethod(TestInvoker.java:173)
at org.testng.internal.MethodRunner.runInSequence(MethodRunner.java:46)
at org.testng.internal.TestInvoker$MethodInvocationAgent.invoke(TestInvoker.java:824)
at org.testng.internal.TestInvoker.invokeTestMethods(TestInvoker.java:146)
at org.testng.internal.TestMethodWorker.invokeTestMethods(TestMethodWorker.java:146)
at org.testng.internal.TestMethodWorker.run(TestMethodWorker.java:128)
at java.base/java.util.ArrayList.forEach(ArrayList.java:1597)
at org.testng.TestRunner.privateRun(TestRunner.java:794)
at org.testng.TestRunner.run(TestRunner.java:596)
at org.testng.SuiteRunner.runTest(SuiteRunner.java:377)
at org.testng.SuiteRunner.access$000(SuiteRunner.java:28)
at org.testng.SuiteRunner$SuiteWorker.run(SuiteRunner.java:418)
at org.testng.internal.thread.ThreadUtil.lambda$execute$0(ThreadUtil.java:64)
at java.base/java.util.concurrent.FutureTask.run(FutureTask.java:317)
at java.base/java.util.concurrent.ThreadPoolExecutor.runWorker(ThreadPoolExecutor.java:1144)
at java.base/java.util.concurrent.ThreadPoolExecutor$Worker.run(ThreadPoolExecutor.java:642)
at java.base/java.lang.Thread.run(Thread.java:1570)
Caused by: com.microsoft.playwright.impl.DriverException: Error {
  message='Error: strict mode violation: locator("//button[normalize-space()='02'][1]") resolved to 2 elements:
    1) <button role="cell" type="button" class="rbc-button-link">02</button> aka getByRole(AriaRole.CELL, new Page.GetByRoleOptions().setName("02")).nth(1)
    2) <button role="cell" type="button" class="rbc-button-link">02</button> aka getByRole(AriaRole.CELL, new Page.GetByRoleOptions().setName("02")).nth(3)

  name='Error
  stack='Error: Error: strict mode violation: locator("//button[normalize-space()='02'][1]") resolved to 2 elements:
    1) <button role="cell" type="button" class="rbc-button-link">02</button> aka getByRole(AriaRole.CELL, new Page.GetByRoleOptions().setName("02")).nth(1)
    2) <button role="cell" type="button" class="rbc-button-link">02</button> aka getByRole(AriaRole.CELL, new Page.GetByRoleOptions().setName("02")).nth(3)

    at WKExecutionContext.evaluateWithArguments (C:\Users\aamir\AppData\Local\Temp\playwright-java-1913148995517214611\package\lib\server\webkit\wkExecutionContext.js:78:37)
    at async LongStandingScope._race (C:\Users\aamir\AppData\Local\Temp\playwright-java-1913148995517214611\package\lib\utils\manualPromise.js:96:14)
    at async evaluateExpression (C:\Users\aamir\AppData\Local\Temp\playwright-java-1913148995517214611\package\lib\server\javascript.js:229:12)
    at async C:\Users\aamir\AppData\Local\Temp\playwright-java-1913148995517214611\package\lib\server\frames.js:646:22
    at async Frame.retryWithProgressAndTimeouts (C:\Users\aamir\AppData\Local\Temp\playwright-java-1913148995517214611\package\lib\server\frames.js:935:24)
    at async C:\Users\aamir\AppData\Local\Temp\playwright-java-1913148995517214611\package\lib\server\frames.js:631:14
    at async ProgressController.run (C:\Users\aamir\AppData\Local\Temp\playwright-java-1913148995517214611\package\lib\server\progress.js:79:22)
    at async FrameDispatcher.waitForSelector (C:\Users\aamir\AppData\Local\Temp\playwright-java-1913148995517214611\package\lib\server\dispatchers\frameDispatcher.js:106:85)
    at async LongStandingScope._race (C:\Users\aamir\AppData\Local\Temp\playwright-java-1913148995517214611\package\lib\utils\manualPromise.js:96:14)
    at async FrameDispatcher._handleCommand (C:\Users\aamir\AppData\Local\Temp\playwright-java-1913148995517214611\package\lib\server\dispatchers\dispatcher.js:96:14)
}
Call log:
-   - waiting for locator("//button[normalize-space()='02'][1]")

at com.microsoft.playwright.impl.Connection.dispatch(Connection.java:259)
at com.microsoft.playwright.impl.Connection.processOneMessage(Connection.java:211)
at com.microsoft.playwright.impl.ChannelOwner.runUntil(ChannelOwner.java:130)
... 35 more
]]>
    </failure>
  </testcase> <!-- sendbookDetails -->
  <testcase classname="com.companieshouseAssig.tests.BookRoomTest" name="closeBookingMessage" time="0.002"/>
</testsuite> <!-- Book Room Test_chrome -->
