<html>
<head>
<title>TestNG:  Book Room Test_chrome</title>
<link href="../testng.css" rel="stylesheet" type="text/css" />
<link href="../my-testng.css" rel="stylesheet" type="text/css" />

<style type="text/css">
.log { display: none;} 
.stack-trace { display: none;} 
</style>
<script type="text/javascript">
<!--
function flip(e) {
  current = e.style.display;
  if (current == 'block') {
    e.style.display = 'none';
    return 0;
  }
  else {
    e.style.display = 'block';
    return 1;
  }
}

function toggleBox(szDivId, elem, msg1, msg2)
{
  var res = -1;  if (document.getElementById) {
    res = flip(document.getElementById(szDivId));
  }
  else if (document.all) {
    // this is the way old msie versions work
    res = flip(document.all[szDivId]);
  }
  if(elem) {
    if(res == 0) elem.innerHTML = msg1; else elem.innerHTML = msg2;
  }

}

function toggleAllBoxes() {
  if (document.getElementsByTagName) {
    d = document.getElementsByTagName('div');
    for (i = 0; i < d.length; i++) {
      if (d[i].className == 'log') {
        flip(d[i]);
      }
    }
  }
}

// -->
</script>

</head>
<body>
<h2 align='center'>Book Room Test_chrome</h2><table border='1' align="center">
<tr>
<td>Tests passed/Failed/Skipped:</td><td>1/1/0</td>
</tr><tr>
<td>Started on:</td><td>Sun Jan 26 19:52:03 GMT 2025</td>
</tr>
<tr><td>Total time:</td><td>6 seconds (6260 ms)</td>
</tr><tr>
<td>Included groups:</td><td></td>
</tr><tr>
<td>Excluded groups:</td><td></td>
</tr>
</table><p/>
<small><i>(Hover the method name to see the test class name)</i></small><p/>
<table width='100%' border='1' class='invocation-failed'>
<tr><td colspan='4' align='center'><b>FAILED TESTS</b></td></tr>
<tr><td><b>Test method</b></td>
<td width="30%"><b>Exception</b></td>
<td width="10%"><b>Time (seconds)</b></td>
<td><b>Instance</b></td>
</tr>
<tr>
<td title='com.companieshouseAssig.tests.BookRoomTest.sendbookDetails()'><b>sendbookDetails</b><br>Test class: com.companieshouseAssig.tests.BookRoomTest</td>
<td><div><pre>com.microsoft.playwright.PlaywrightException: Error {
  message=&apos;Error: strict mode violation: locator(&quot;//button[normalize-space()=&apos;02&apos;][1]&quot;) resolved to 2 elements:
    1) &lt;button role=&quot;cell&quot; type=&quot;button&quot; class=&quot;rbc-button-link&quot;&gt;02&lt;/button&gt; aka getByRole(AriaRole.CELL, new Page.GetByRoleOptions().setName(&quot;02&quot;)).nth(1)
    2) &lt;button role=&quot;cell&quot; type=&quot;button&quot; class=&quot;rbc-button-link&quot;&gt;02&lt;/button&gt; aka getByRole(AriaRole.CELL, new Page.GetByRoleOptions().setName(&quot;02&quot;)).nth(3)

  name=&apos;Error
  stack=&apos;Error: Error: strict mode violation: locator(&quot;//button[normalize-space()=&apos;02&apos;][1]&quot;) resolved to 2 elements:
    1) &lt;button role=&quot;cell&quot; type=&quot;button&quot; class=&quot;rbc-button-link&quot;&gt;02&lt;/button&gt; aka getByRole(AriaRole.CELL, new Page.GetByRoleOptions().setName(&quot;02&quot;)).nth(1)
    2) &lt;button role=&quot;cell&quot; type=&quot;button&quot; class=&quot;rbc-button-link&quot;&gt;02&lt;/button&gt; aka getByRole(AriaRole.CELL, new Page.GetByRoleOptions().setName(&quot;02&quot;)).nth(3)

    at WKExecutionContext.evaluateWithArguments (C:\Users\aamir\AppData\Local\Temp\playwright-java-1913148995517214611\package\lib\server\webkit\wkExecutionContext.js:78:37)
    at async LongStandingScope._race (C:\Users\aamir\AppData\Local\Temp\playwright-java-1913148995517214611\package\lib\utils\manualPromise.js:96:14)
    at async evaluateExpression (C:\Users\aamir\AppData\Local\Temp\playwright-java-1913148995517214611\package\lib\server\javascript.js:229:12)
    at async C:\Users\aamir\AppData\Local\Temp\playwright-java-1913148995517214611\package\lib\server\frames.js:646:22
    at async Frame.retryWithProgressAndTimeouts (C:\Users\aamir\AppData\Local\Temp\playwright-java-1913148995517214611\package\lib\server\frames.js:935:24)
    at async C:\Users\aamir\AppData\Local\Temp\playwright-java-1913148995517214611\package\lib\server\frames.js:631:14
    at async ProgressController.run (C:\Users\aamir\AppData\Local\Temp\playwright-java-1913148995517214611\package\lib\server\progress.js:79:22)
    at async FrameDispatcher.waitForSelector (C:\Users\aamir\AppData\Local\Temp\playwright-java-1913148995517214611\package\lib\server\dispatchers\frameDispatcher.js:106:85)
    at async LongStandingScope._race (C:\Users\aamir\AppData\Local\Temp\playwright-java-1913148995517214611\package\lib\utils\manualPromise.js:96:14)
    at async FrameDispatcher._handleCommand (C:\Users\aamir\AppData\Local\Temp\playwright-java-1913148995517214611\package\lib\server\dispatchers\dispatcher.js:96:14)
}
Call log:
-   - waiting for locator(&quot;//button[normalize-space()=&apos;02&apos;][1]&quot;)

	at com.microsoft.playwright.impl.WaitableResult.get(WaitableResult.java:56)
	at com.microsoft.playwright.impl.ChannelOwner.runUntil(ChannelOwner.java:132)
	at com.microsoft.playwright.impl.Connection.sendMessage(Connection.java:130)
	at com.microsoft.playwright.impl.ChannelOwner.sendMessage(ChannelOwner.java:118)
	at com.microsoft.playwright.impl.FrameImpl.waitForSelectorImpl(FrameImpl.java:1060)
	at com.microsoft.playwright.impl.FrameImpl.waitForSelectorImpl(FrameImpl.java:1050)
	at com.microsoft.playwright.impl.FrameImpl.lambda$waitForSelector$46(FrameImpl.java:1046)
	at com.microsoft.playwright.impl.LoggingSupport.withLogging(LoggingSupport.java:47)
	at com.microsoft.playwright.impl.ChannelOwner.withLogging(ChannelOwner.java:97)
	at com.microsoft.playwright.impl.FrameImpl.waitForSelector(FrameImpl.java:1046)
	at com.microsoft.playwright.impl.LocatorImpl.elementHandle(LocatorImpl.java:217)
	at com.microsoft.playwright.impl.LocatorImpl.withElement(LocatorImpl.java:84)
	at com.microsoft.playwright.impl.LocatorImpl.boundingBox(LocatorImpl.java:154)
	at com.microsoft.playwright.Locator.boundingBox(Locator.java:2324)
	at com.companieshouseAssig.pageObject.BookRoom.bookingRoom(BookRoom.java:49)
	at com.companieshouseAssig.tests.BookRoomTest.sendbookDetails(BookRoomTest.java:14)
	at java.base/jdk.internal.reflect.DirectMethodHandleAccessor.invoke(DirectMethodHandleAccessor.java:103)
	at java.base/java.lang.reflect.Method.invoke(Method.java:580)
	at org.testng.internal.MethodInvocationHelper.invokeMethod(MethodInvocationHelper.java:133)
	at org.testng.internal.TestInvoker.invokeMethod(TestInvoker.java:598)
	at org.testng.internal.TestInvoker.invokeTestMethod(TestInvoker.java:173)
	at org.testng.internal.MethodRunner.runInSequence(MethodRunner.java:46)
	at org.testng.internal.TestInvoker$MethodInvocationAgent.invoke(TestInvoker.java:824)
	at org.testng.internal.TestInvoker.invokeTestMethods(TestInvoker.java:146)
	at org.testng.internal.TestMethodWorker.invokeTestMethods(TestMethodWorker.java:146)
	at org.testng.internal.TestMethodWorker.run(TestMethodWorker.java:128)
	at java.base/java.util.ArrayList.forEach(ArrayList.java:1597)
	at org.testng.TestRunner.privateRun(TestRunner.java:794)
	at org.testng.TestRunner.run(TestRunner.java:596)
	at org.testng.SuiteRunner.runTest(SuiteRunner.java:377)
	at org.testng.SuiteRunner.access$000(SuiteRunner.java:28)
	at org.testng.SuiteRunner$SuiteWorker.run(SuiteRunner.java:418)
	at org.testng.internal.thread.ThreadUtil.lambda$execute$0(ThreadUtil.java:64)
	at java.base/java.util.concurrent.FutureTask.run(FutureTask.java:317)
	at java.base/java.util.concurrent.ThreadPoolExecutor.runWorker(ThreadPoolExecutor.java:1144)
	at java.base/java.util.concurrent.ThreadPoolExecutor$Worker.run(ThreadPoolExecutor.java:642)
	at java.base/java.lang.Thread.run(Thread.java:1570)
Caused by: com.microsoft.playwright.impl.DriverException: Error {
  message=&apos;Error: strict mode violation: locator(&quot;//button[normalize-space()=&apos;02&apos;][1]&quot;) resolved to 2 elements:
    1) &lt;button role=&quot;cell&quot; type=&quot;button&quot; class=&quot;rbc-button-link&quot;&gt;02&lt;/button&gt; aka getByRole(AriaRole.CELL, new Page.GetByRoleOptions().setName(&quot;02&quot;)).nth(1)
    2) &lt;button role=&quot;cell&quot; type=&quot;button&quot; class=&quot;rbc-button-link&quot;&gt;02&lt;/button&gt; aka getByRole(AriaRole.CELL, new Page.GetByRoleOptions().setName(&quot;02&quot;)).nth(3)

  name=&apos;Error
  stack=&apos;Error: Error: strict mode violation: locator(&quot;//button[normalize-space()=&apos;02&apos;][1]&quot;) resolved to 2 elements:
    1) &lt;button role=&quot;cell&quot; type=&quot;button&quot; class=&quot;rbc-button-link&quot;&gt;02&lt;/button&gt; aka getByRole(AriaRole.CELL, new Page.GetByRoleOptions().setName(&quot;02&quot;)).nth(1)
    2) &lt;button role=&quot;cell&quot; type=&quot;button&quot; class=&quot;rbc-button-link&quot;&gt;02&lt;/button&gt; aka getByRole(AriaRole.CELL, new Page.GetByRoleOptions().setName(&quot;02&quot;)).nth(3)

    at WKExecutionContext.evaluateWithArguments (C:\Users\aamir\AppData\Local\Temp\playwright-java-1913148995517214611\package\lib\server\webkit\wkExecutionContext.js:78:37)
    at async LongStandingScope._race (C:\Users\aamir\AppData\Local\Temp\playwright-java-1913148995517214611\package\lib\utils\manualPromise.js:96:14)
    at async evaluateExpression (C:\Users\aamir\AppData\Local\Temp\playwright-java-1913148995517214611\package\lib\server\javascript.js:229:12)
    at async C:\Users\aamir\AppData\Local\Temp\playwright-java-1913148995517214611\package\lib\server\frames.js:646:22
    at async Frame.retryWithProgressAndTimeouts (C:\Users\aamir\AppData\Local\Temp\playwright-java-1913148995517214611\package\lib\server\frames.js:935:24)
    at async C:\Users\aamir\AppData\Local\Temp\playwright-java-1913148995517214611\package\lib\server\frames.js:631:14
    at async ProgressController.run (C:\Users\aamir\AppData\Local\Temp\playwright-java-1913148995517214611\package\lib\server\progress.js:79:22)
    at async FrameDispatcher.waitForSelector (C:\Users\aamir\AppData\Local\Temp\playwright-java-1913148995517214611\package\lib\server\dispatchers\frameDispatcher.js:106:85)
    at async LongStandingScope._race (C:\Users\aamir\AppData\Local\Temp\playwright-java-1913148995517214611\package\lib\utils\manualPromise.js:96:14)
    at async FrameDispatcher._handleCommand (C:\Users\aamir\AppData\Local\Temp\playwright-java-1913148995517214611\package\lib\server\dispatchers\dispatcher.js:96:14)
}
Call log:
-   - waiting for locator(&quot;//button[normalize-space()=&apos;02&apos;][1]&quot;)

	at com.microsoft.playwright.impl.Connection.dispatch(Connection.java:259)
	at com.microsoft.playwright.impl.Connection.processOneMessage(Connection.java:211)
	at com.microsoft.playwright.impl.ChannelOwner.runUntil(ChannelOwner.java:130)
	... 35 more
</pre></div><a href='#' onClick='toggleBox("stack-trace863039537", this, "Click to show all stack frames", "Click to hide stack frames")'>Click to show all stack frames</a>
<div class='stack-trace' id='stack-trace863039537'><pre>com.microsoft.playwright.PlaywrightException: Error {
  message=&apos;Error: strict mode violation: locator(&quot;//button[normalize-space()=&apos;02&apos;][1]&quot;) resolved to 2 elements:
    1) &lt;button role=&quot;cell&quot; type=&quot;button&quot; class=&quot;rbc-button-link&quot;&gt;02&lt;/button&gt; aka getByRole(AriaRole.CELL, new Page.GetByRoleOptions().setName(&quot;02&quot;)).nth(1)
    2) &lt;button role=&quot;cell&quot; type=&quot;button&quot; class=&quot;rbc-button-link&quot;&gt;02&lt;/button&gt; aka getByRole(AriaRole.CELL, new Page.GetByRoleOptions().setName(&quot;02&quot;)).nth(3)

  name=&apos;Error
  stack=&apos;Error: Error: strict mode violation: locator(&quot;//button[normalize-space()=&apos;02&apos;][1]&quot;) resolved to 2 elements:
    1) &lt;button role=&quot;cell&quot; type=&quot;button&quot; class=&quot;rbc-button-link&quot;&gt;02&lt;/button&gt; aka getByRole(AriaRole.CELL, new Page.GetByRoleOptions().setName(&quot;02&quot;)).nth(1)
    2) &lt;button role=&quot;cell&quot; type=&quot;button&quot; class=&quot;rbc-button-link&quot;&gt;02&lt;/button&gt; aka getByRole(AriaRole.CELL, new Page.GetByRoleOptions().setName(&quot;02&quot;)).nth(3)

    at WKExecutionContext.evaluateWithArguments (C:\Users\aamir\AppData\Local\Temp\playwright-java-1913148995517214611\package\lib\server\webkit\wkExecutionContext.js:78:37)
    at async LongStandingScope._race (C:\Users\aamir\AppData\Local\Temp\playwright-java-1913148995517214611\package\lib\utils\manualPromise.js:96:14)
    at async evaluateExpression (C:\Users\aamir\AppData\Local\Temp\playwright-java-1913148995517214611\package\lib\server\javascript.js:229:12)
    at async C:\Users\aamir\AppData\Local\Temp\playwright-java-1913148995517214611\package\lib\server\frames.js:646:22
    at async Frame.retryWithProgressAndTimeouts (C:\Users\aamir\AppData\Local\Temp\playwright-java-1913148995517214611\package\lib\server\frames.js:935:24)
    at async C:\Users\aamir\AppData\Local\Temp\playwright-java-1913148995517214611\package\lib\server\frames.js:631:14
    at async ProgressController.run (C:\Users\aamir\AppData\Local\Temp\playwright-java-1913148995517214611\package\lib\server\progress.js:79:22)
    at async FrameDispatcher.waitForSelector (C:\Users\aamir\AppData\Local\Temp\playwright-java-1913148995517214611\package\lib\server\dispatchers\frameDispatcher.js:106:85)
    at async LongStandingScope._race (C:\Users\aamir\AppData\Local\Temp\playwright-java-1913148995517214611\package\lib\utils\manualPromise.js:96:14)
    at async FrameDispatcher._handleCommand (C:\Users\aamir\AppData\Local\Temp\playwright-java-1913148995517214611\package\lib\server\dispatchers\dispatcher.js:96:14)
}
Call log:
-   - waiting for locator(&quot;//button[normalize-space()=&apos;02&apos;][1]&quot;)

	at com.microsoft.playwright.impl.WaitableResult.get(WaitableResult.java:56)
	at com.microsoft.playwright.impl.ChannelOwner.runUntil(ChannelOwner.java:132)
	at com.microsoft.playwright.impl.Connection.sendMessage(Connection.java:130)
	at com.microsoft.playwright.impl.ChannelOwner.sendMessage(ChannelOwner.java:118)
	at com.microsoft.playwright.impl.FrameImpl.waitForSelectorImpl(FrameImpl.java:1060)
	at com.microsoft.playwright.impl.FrameImpl.waitForSelectorImpl(FrameImpl.java:1050)
	at com.microsoft.playwright.impl.FrameImpl.lambda$waitForSelector$46(FrameImpl.java:1046)
	at com.microsoft.playwright.impl.LoggingSupport.withLogging(LoggingSupport.java:47)
	at com.microsoft.playwright.impl.ChannelOwner.withLogging(ChannelOwner.java:97)
	at com.microsoft.playwright.impl.FrameImpl.waitForSelector(FrameImpl.java:1046)
	at com.microsoft.playwright.impl.LocatorImpl.elementHandle(LocatorImpl.java:217)
	at com.microsoft.playwright.impl.LocatorImpl.withElement(LocatorImpl.java:84)
	at com.microsoft.playwright.impl.LocatorImpl.boundingBox(LocatorImpl.java:154)
	at com.microsoft.playwright.Locator.boundingBox(Locator.java:2324)
	at com.companieshouseAssig.pageObject.BookRoom.bookingRoom(BookRoom.java:49)
	at com.companieshouseAssig.tests.BookRoomTest.sendbookDetails(BookRoomTest.java:14)
	at java.base/jdk.internal.reflect.DirectMethodHandleAccessor.invoke(DirectMethodHandleAccessor.java:103)
	at java.base/java.lang.reflect.Method.invoke(Method.java:580)
	at org.testng.internal.MethodInvocationHelper.invokeMethod(MethodInvocationHelper.java:133)
	at org.testng.internal.TestInvoker.invokeMethod(TestInvoker.java:598)
	at org.testng.internal.TestInvoker.invokeTestMethod(TestInvoker.java:173)
	at org.testng.internal.MethodRunner.runInSequence(MethodRunner.java:46)
	at org.testng.internal.TestInvoker$MethodInvocationAgent.invoke(TestInvoker.java:824)
	at org.testng.internal.TestInvoker.invokeTestMethods(TestInvoker.java:146)
	at org.testng.internal.TestMethodWorker.invokeTestMethods(TestMethodWorker.java:146)
	at org.testng.internal.TestMethodWorker.run(TestMethodWorker.java:128)
	at java.base/java.util.ArrayList.forEach(ArrayList.java:1597)
	at org.testng.TestRunner.privateRun(TestRunner.java:794)
	at org.testng.TestRunner.run(TestRunner.java:596)
	at org.testng.SuiteRunner.runTest(SuiteRunner.java:377)
	at org.testng.SuiteRunner.access$000(SuiteRunner.java:28)
	at org.testng.SuiteRunner$SuiteWorker.run(SuiteRunner.java:418)
	at org.testng.internal.thread.ThreadUtil.lambda$execute$0(ThreadUtil.java:64)
	at java.base/java.util.concurrent.FutureTask.run(FutureTask.java:317)
	at java.base/java.util.concurrent.ThreadPoolExecutor.runWorker(ThreadPoolExecutor.java:1144)
	at java.base/java.util.concurrent.ThreadPoolExecutor$Worker.run(ThreadPoolExecutor.java:642)
	at java.base/java.lang.Thread.run(Thread.java:1570)
Caused by: com.microsoft.playwright.impl.DriverException: Error {
  message=&apos;Error: strict mode violation: locator(&quot;//button[normalize-space()=&apos;02&apos;][1]&quot;) resolved to 2 elements:
    1) &lt;button role=&quot;cell&quot; type=&quot;button&quot; class=&quot;rbc-button-link&quot;&gt;02&lt;/button&gt; aka getByRole(AriaRole.CELL, new Page.GetByRoleOptions().setName(&quot;02&quot;)).nth(1)
    2) &lt;button role=&quot;cell&quot; type=&quot;button&quot; class=&quot;rbc-button-link&quot;&gt;02&lt;/button&gt; aka getByRole(AriaRole.CELL, new Page.GetByRoleOptions().setName(&quot;02&quot;)).nth(3)

  name=&apos;Error
  stack=&apos;Error: Error: strict mode violation: locator(&quot;//button[normalize-space()=&apos;02&apos;][1]&quot;) resolved to 2 elements:
    1) &lt;button role=&quot;cell&quot; type=&quot;button&quot; class=&quot;rbc-button-link&quot;&gt;02&lt;/button&gt; aka getByRole(AriaRole.CELL, new Page.GetByRoleOptions().setName(&quot;02&quot;)).nth(1)
    2) &lt;button role=&quot;cell&quot; type=&quot;button&quot; class=&quot;rbc-button-link&quot;&gt;02&lt;/button&gt; aka getByRole(AriaRole.CELL, new Page.GetByRoleOptions().setName(&quot;02&quot;)).nth(3)

    at WKExecutionContext.evaluateWithArguments (C:\Users\aamir\AppData\Local\Temp\playwright-java-1913148995517214611\package\lib\server\webkit\wkExecutionContext.js:78:37)
    at async LongStandingScope._race (C:\Users\aamir\AppData\Local\Temp\playwright-java-1913148995517214611\package\lib\utils\manualPromise.js:96:14)
    at async evaluateExpression (C:\Users\aamir\AppData\Local\Temp\playwright-java-1913148995517214611\package\lib\server\javascript.js:229:12)
    at async C:\Users\aamir\AppData\Local\Temp\playwright-java-1913148995517214611\package\lib\server\frames.js:646:22
    at async Frame.retryWithProgressAndTimeouts (C:\Users\aamir\AppData\Local\Temp\playwright-java-1913148995517214611\package\lib\server\frames.js:935:24)
    at async C:\Users\aamir\AppData\Local\Temp\playwright-java-1913148995517214611\package\lib\server\frames.js:631:14
    at async ProgressController.run (C:\Users\aamir\AppData\Local\Temp\playwright-java-1913148995517214611\package\lib\server\progress.js:79:22)
    at async FrameDispatcher.waitForSelector (C:\Users\aamir\AppData\Local\Temp\playwright-java-1913148995517214611\package\lib\server\dispatchers\frameDispatcher.js:106:85)
    at async LongStandingScope._race (C:\Users\aamir\AppData\Local\Temp\playwright-java-1913148995517214611\package\lib\utils\manualPromise.js:96:14)
    at async FrameDispatcher._handleCommand (C:\Users\aamir\AppData\Local\Temp\playwright-java-1913148995517214611\package\lib\server\dispatchers\dispatcher.js:96:14)
}
Call log:
-   - waiting for locator(&quot;//button[normalize-space()=&apos;02&apos;][1]&quot;)

	at com.microsoft.playwright.impl.Connection.dispatch(Connection.java:259)
	at com.microsoft.playwright.impl.Connection.processOneMessage(Connection.java:211)
	at com.microsoft.playwright.impl.ChannelOwner.runUntil(ChannelOwner.java:130)
	... 35 more
</pre></div></td>
<td>3</td>
<td>com.companieshouseAssig.tests.BookRoomTest@4470fbd6</td></tr>
</table><p>
<table width='100%' border='1' class='invocation-passed'>
<tr><td colspan='4' align='center'><b>PASSED TESTS</b></td></tr>
<tr><td><b>Test method</b></td>
<td width="30%"><b>Exception</b></td>
<td width="10%"><b>Time (seconds)</b></td>
<td><b>Instance</b></td>
</tr>
<tr>
<td title='com.companieshouseAssig.tests.BookRoomTest.closeBookingMessage()'><b>closeBookingMessage</b><br>Test class: com.companieshouseAssig.tests.BookRoomTest</td>
<td></td>
<td>0</td>
<td>com.companieshouseAssig.tests.BookRoomTest@4470fbd6</td></tr>
</table><p>
</body>
</html>